<?xml version="1.0" encoding="UTF-8"?>
<testng-results ignored="0" total="0" passed="0" failed="0" skipped="0">
  <reporter-output>
  </reporter-output>
  <suite started-at="2025-07-15T12:14:07 BDT" name="Aptitudo Suite" finished-at="2025-07-15T12:14:07 BDT" duration-ms="14">
    <groups>
    </groups>
    <test started-at="2025-07-15T12:14:07 BDT" name="Login Tests" finished-at="2025-07-15T12:14:07 BDT" duration-ms="14">
    </test> <!-- Login Tests -->
  </suite> <!-- Aptitudo Suite -->
</testng-results>
